[14:50:22][liftinstall][INFO] yuzu installer
[14:50:22][liftinstall][INFO] Starting fresh install
[14:50:22][liftinstall][INFO] Existing install detected! Copying Trying to launch this install instead
[14:50:22][liftinstall][INFO] Launching Ok("C:\\Users\\juliu\\AppData\\Local\\yuzu\\maintenancetool.exe")
[14:50:22][liftinstall][INFO] yuzu installer
[14:50:25][liftinstall::self_update][INFO] Swapping installer from C:\Users\juliu\AppData\Local\yuzu\maintenancetool_new.exe to C:\Users\juliu\AppData\Local\yuzu\maintenancetool.exe
[14:50:25][liftinstall][INFO] yuzu installer
[14:50:29][liftinstall][INFO] Using pre-existing metadata file: "C:\\Users\\juliu\\AppData\\Local\\yuzu\\metadata.json"
[14:50:29][liftinstall::frontend::rest::server][INFO] Spawning server instance @ [::1]:59523
[14:50:29][liftinstall::frontend::rest::server][INFO] Spawning server instance @ 127.0.0.1:59523
[14:50:29][liftinstall::frontend::ui][INFO] Spawning web view instance
[14:50:29][liftinstall::frontend::ui][INFO] Webview started
[14:50:29][liftinstall::frontend::js][INFO] Vue started
[14:50:29][liftinstall::frontend::rest::services::config][INFO] Downloading configuration from "https://raw.githubusercontent.com/yuzu-emu/liftinstall/master/config.windows.v10.toml"...
[14:50:30][liftinstall::frontend::rest::services::config][INFO] Configuration file downloaded successfully.
[14:50:30][liftinstall::frontend::rest::services::authentication][INFO] Handling authentication
[14:50:30][liftinstall::frontend::rest::services::authentication][INFO] No passed in credential and no stored credentials to validate
[14:50:30][liftinstall::frontend::js][INFO] Next stop: "/modify"
[14:50:32][liftinstall::frontend::js][INFO] Installer kind: update
[14:50:32][liftinstall::frontend::js][INFO] Installing desktop shortcut: false
[14:50:32][liftinstall::frontend::js][INFO] Making streaming HTTP request to /api/start-install
[14:50:32][liftinstall::installer][INFO] Framework: Installing ["yuzu"] to "C:\\Users\\juliu\\AppData\\Local\\yuzu"
[14:50:32][liftinstall::installer][INFO] Framework: Uninstalling [] additionally.
[14:50:32][liftinstall::installer][INFO] Dependency tree:
InstallTask
├── Pre EnsureOnlyInstanceTask
├── Pre VerifyInstallDirTask (with clean-install = false)
└── Pre InstallPackageTask (for "yuzu")
    ├── Pre DownloadPackageTask (for "yuzu")
    │   └── Pre CheckAuthorizationTask (for "yuzu")
    │       └── Pre ResolvePackageTask (for "yuzu")
    ├── Pre UninstallPackageTask (for "yuzu", optional = true)
    │   ├── Pre UninstallShortcutsTask (for "yuzu", optional = true)
    │   └── Post SaveDatabaseTask
    ├── Post InstallShortcutsTask (for "yuzu")
    ├── Post InstallDesktopShortcutTask (for "yuzu", should_run = true)
    └── Post SaveDatabaseTask
[14:50:32][liftinstall::tasks::resolver][INFO] Selected file: File { name: "yuzu-windows-msvc-20230606-238e46ec9.tar.xz", url: "https://github.com/yuzu-emu/yuzu-mainline/releases/download/mainline-0-1461/yuzu-windows-msvc-20230606-238e46ec9.tar.xz", requires_authorization: false }
[14:50:39][liftinstall::tasks::uninstall_shortcuts][INFO] Deleting shortcut "C:\\Users\\juliu\\OneDrive\\Desktop\\yuzu.lnk"
[14:50:39][liftinstall::tasks::uninstall_shortcuts][INFO] Deleting shortcut "C:\\Users\\juliu\\AppData\\Roaming\\Microsoft\\Windows\\Start Menu\\Programs\\yuzu.lnk"
[14:50:39][liftinstall::tasks::uninstall_pkg][INFO] Deleting "C:\\Users\\juliu\\AppData\\Local\\yuzu\\yuzu-windows-msvc"
[14:50:39][liftinstall::tasks::uninstall_pkg][INFO] Deleting "C:\\Users\\juliu\\AppData\\Local\\yuzu\\yuzu-windows-msvc/avcodec-58.dll"
[14:50:39][liftinstall::tasks::uninstall_pkg][INFO] Deleting "C:\\Users\\juliu\\AppData\\Local\\yuzu\\yuzu-windows-msvc/avutil-56.dll"
[14:50:39][liftinstall::tasks::uninstall_pkg][INFO] Deleting "C:\\Users\\juliu\\AppData\\Local\\yuzu\\yuzu-windows-msvc/icudtl.dat"
[14:50:39][liftinstall::tasks::uninstall_pkg][INFO] Deleting "C:\\Users\\juliu\\AppData\\Local\\yuzu\\yuzu-windows-msvc/libwinpthread-1.dll"
[14:50:39][liftinstall::tasks::uninstall_pkg][INFO] Deleting "C:\\Users\\juliu\\AppData\\Local\\yuzu\\yuzu-windows-msvc/plugins/imageformats"
[14:50:39][liftinstall::tasks::uninstall_pkg][INFO] Deleting "C:\\Users\\juliu\\AppData\\Local\\yuzu\\yuzu-windows-msvc/plugins"
[14:50:39][liftinstall::tasks::uninstall_pkg][INFO] Deleting "C:\\Users\\juliu\\AppData\\Local\\yuzu\\yuzu-windows-msvc/plugins/imageformats/qgif.dll"
[14:50:39][liftinstall::tasks::uninstall_pkg][INFO] Deleting "C:\\Users\\juliu\\AppData\\Local\\yuzu\\yuzu-windows-msvc/plugins/imageformats/qjpeg.dll"
[14:50:39][liftinstall::tasks::uninstall_pkg][INFO] Deleting "C:\\Users\\juliu\\AppData\\Local\\yuzu\\yuzu-windows-msvc/plugins/platforms"
[14:50:39][liftinstall::tasks::uninstall_pkg][INFO] Deleting "C:\\Users\\juliu\\AppData\\Local\\yuzu\\yuzu-windows-msvc/plugins/platforms/qwindows.dll"
[14:50:39][liftinstall::tasks::uninstall_pkg][INFO] Deleting "C:\\Users\\juliu\\AppData\\Local\\yuzu\\yuzu-windows-msvc/plugins/styles"
[14:50:39][liftinstall::tasks::uninstall_pkg][INFO] Deleting "C:\\Users\\juliu\\AppData\\Local\\yuzu\\yuzu-windows-msvc/plugins/styles/qwindowsvistastyle.dll"
[14:50:39][liftinstall::tasks::uninstall_pkg][INFO] Deleting "C:\\Users\\juliu\\AppData\\Local\\yuzu\\yuzu-windows-msvc/qt.conf"
[14:50:39][liftinstall::tasks::uninstall_pkg][INFO] Deleting "C:\\Users\\juliu\\AppData\\Local\\yuzu\\yuzu-windows-msvc/Qt5Core.dll"
[14:50:39][liftinstall::tasks::uninstall_pkg][INFO] Deleting "C:\\Users\\juliu\\AppData\\Local\\yuzu\\yuzu-windows-msvc/Qt5Gui.dll"
[14:50:39][liftinstall::tasks::uninstall_pkg][INFO] Deleting "C:\\Users\\juliu\\AppData\\Local\\yuzu\\yuzu-windows-msvc/Qt5Network.dll"
[14:50:39][liftinstall::tasks::uninstall_pkg][INFO] Deleting "C:\\Users\\juliu\\AppData\\Local\\yuzu\\yuzu-windows-msvc/Qt5Positioning.dll"
[14:50:39][liftinstall::tasks::uninstall_pkg][INFO] Deleting "C:\\Users\\juliu\\AppData\\Local\\yuzu\\yuzu-windows-msvc/Qt5PrintSupport.dll"
[14:50:39][liftinstall::tasks::uninstall_pkg][INFO] Deleting "C:\\Users\\juliu\\AppData\\Local\\yuzu\\yuzu-windows-msvc/Qt5Qml.dll"
[14:50:39][liftinstall::tasks::uninstall_pkg][INFO] Deleting "C:\\Users\\juliu\\AppData\\Local\\yuzu\\yuzu-windows-msvc/Qt5QmlModels.dll"
[14:50:39][liftinstall::tasks::uninstall_pkg][INFO] Deleting "C:\\Users\\juliu\\AppData\\Local\\yuzu\\yuzu-windows-msvc/Qt5Quick.dll"
[14:50:39][liftinstall::tasks::uninstall_pkg][INFO] Deleting "C:\\Users\\juliu\\AppData\\Local\\yuzu\\yuzu-windows-msvc/Qt5QuickWidgets.dll"
[14:50:39][liftinstall::tasks::uninstall_pkg][INFO] Deleting "C:\\Users\\juliu\\AppData\\Local\\yuzu\\yuzu-windows-msvc/Qt5WebChannel.dll"
[14:50:39][liftinstall::tasks::uninstall_pkg][INFO] Deleting "C:\\Users\\juliu\\AppData\\Local\\yuzu\\yuzu-windows-msvc/Qt5WebEngine.dll"
[14:50:39][liftinstall::tasks::uninstall_pkg][INFO] Deleting "C:\\Users\\juliu\\AppData\\Local\\yuzu\\yuzu-windows-msvc/Qt5WebEngineCore.dll"
[14:50:39][liftinstall::tasks::uninstall_pkg][INFO] Deleting "C:\\Users\\juliu\\AppData\\Local\\yuzu\\yuzu-windows-msvc/Qt5WebEngineWidgets.dll"
[14:50:39][liftinstall::tasks::uninstall_pkg][INFO] Deleting "C:\\Users\\juliu\\AppData\\Local\\yuzu\\yuzu-windows-msvc/Qt5Widgets.dll"
[14:50:39][liftinstall::tasks::uninstall_pkg][INFO] Deleting "C:\\Users\\juliu\\AppData\\Local\\yuzu\\yuzu-windows-msvc/QtWebEngineProcess.exe"
[14:50:39][liftinstall::tasks::uninstall_pkg][INFO] Deleting "C:\\Users\\juliu\\AppData\\Local\\yuzu\\yuzu-windows-msvc/qtwebengine_devtools_resources.pak"
[14:50:39][liftinstall::tasks::uninstall_pkg][INFO] Deleting "C:\\Users\\juliu\\AppData\\Local\\yuzu\\yuzu-windows-msvc/qtwebengine_resources.pak"
[14:50:39][liftinstall::tasks::uninstall_pkg][INFO] Deleting "C:\\Users\\juliu\\AppData\\Local\\yuzu\\yuzu-windows-msvc/qtwebengine_resources_100p.pak"
[14:50:39][liftinstall::tasks::uninstall_pkg][INFO] Deleting "C:\\Users\\juliu\\AppData\\Local\\yuzu\\yuzu-windows-msvc/qtwebengine_resources_200p.pak"
[14:50:39][liftinstall::tasks::uninstall_pkg][INFO] Deleting "C:\\Users\\juliu\\AppData\\Local\\yuzu\\yuzu-windows-msvc/SDL2.dll"
[14:50:39][liftinstall::tasks::uninstall_pkg][INFO] Deleting "C:\\Users\\juliu\\AppData\\Local\\yuzu\\yuzu-windows-msvc/swscale-5.dll"
[14:50:39][liftinstall::tasks::uninstall_pkg][INFO] Deleting "C:\\Users\\juliu\\AppData\\Local\\yuzu\\yuzu-windows-msvc/yuzu-cmd.exe"
[14:50:39][liftinstall::tasks::uninstall_pkg][INFO] Deleting "C:\\Users\\juliu\\AppData\\Local\\yuzu\\yuzu-windows-msvc/yuzu-windows-msvc-source-20220712-c9614fc20.tar.xz"
[14:50:39][liftinstall::tasks::uninstall_pkg][INFO] Deleting "C:\\Users\\juliu\\AppData\\Local\\yuzu\\yuzu-windows-msvc/yuzu.exe"
[14:50:39][liftinstall::tasks::uninstall_pkg][INFO] Deleting directory: "C:\\Users\\juliu\\AppData\\Local\\yuzu\\yuzu-windows-msvc/plugins/imageformats"
[14:50:39][liftinstall::tasks::uninstall_pkg][INFO] Deleting directory: "C:\\Users\\juliu\\AppData\\Local\\yuzu\\yuzu-windows-msvc/plugins/platforms"
[14:50:39][liftinstall::tasks::uninstall_pkg][INFO] Deleting directory: "C:\\Users\\juliu\\AppData\\Local\\yuzu\\yuzu-windows-msvc/plugins/styles"
[14:50:39][liftinstall::tasks::uninstall_pkg][INFO] Deleting directory: "C:\\Users\\juliu\\AppData\\Local\\yuzu\\yuzu-windows-msvc/plugins"
[14:50:39][liftinstall::tasks::uninstall_pkg][INFO] Deleting directory: "C:\\Users\\juliu\\AppData\\Local\\yuzu\\yuzu-windows-msvc"
[14:50:43][liftinstall::tasks::install_pkg][INFO] Creating dir: "yuzu-windows-msvc"
[14:50:43][liftinstall::tasks::install_pkg][INFO] Creating file: "yuzu-windows-msvc/avcodec-59.dll"
[14:50:43][liftinstall::tasks::install_pkg][INFO] Creating file: "yuzu-windows-msvc/avfilter-8.dll"
[14:50:43][liftinstall::tasks::install_pkg][INFO] Creating file: "yuzu-windows-msvc/avutil-57.dll"
[14:50:43][liftinstall::tasks::install_pkg][INFO] Creating file: "yuzu-windows-msvc/boost_context-vc143-mt-x64-1_82.dll"
[14:50:43][liftinstall::tasks::install_pkg][INFO] Creating file: "yuzu-windows-msvc/dbghelp.dll"
[14:50:43][liftinstall::tasks::install_pkg][INFO] Creating file: "yuzu-windows-msvc/fmt.dll"
[14:50:43][liftinstall::tasks::install_pkg][INFO] Creating file: "yuzu-windows-msvc/icudtl.dat"
[14:50:43][liftinstall::tasks::install_pkg][INFO] Creating file: "yuzu-windows-msvc/libcrypto-3-x64.dll"
[14:50:43][liftinstall::tasks::install_pkg][INFO] Creating file: "yuzu-windows-msvc/libssl-3-x64.dll"
[14:50:43][liftinstall::tasks::install_pkg][INFO] Creating file: "yuzu-windows-msvc/libwinpthread-1.dll"
[14:50:43][liftinstall::tasks::install_pkg][INFO] Creating file: "yuzu-windows-msvc/lz4.dll"
[14:50:43][liftinstall::tasks::install_pkg][INFO] Creating dir: "yuzu-windows-msvc/mediaservice"
[14:50:43][liftinstall::tasks::install_pkg][INFO] Creating file: "yuzu-windows-msvc/mediaservice/dsengine.dll"
[14:50:43][liftinstall::tasks::install_pkg][INFO] Creating file: "yuzu-windows-msvc/mediaservice/wmfengine.dll"
[14:50:43][liftinstall::tasks::install_pkg][INFO] Creating dir: "yuzu-windows-msvc/plugins/imageformats"
[14:50:43][liftinstall::tasks::install_pkg][INFO] Creating dir: "yuzu-windows-msvc/plugins"
[14:50:43][liftinstall::tasks::install_pkg][INFO] Creating file: "yuzu-windows-msvc/plugins/imageformats/qgif.dll"
[14:50:43][liftinstall::tasks::install_pkg][INFO] Creating file: "yuzu-windows-msvc/plugins/imageformats/qjpeg.dll"
[14:50:43][liftinstall::tasks::install_pkg][INFO] Creating dir: "yuzu-windows-msvc/plugins/platforms"
[14:50:43][liftinstall::tasks::install_pkg][INFO] Creating file: "yuzu-windows-msvc/plugins/platforms/qwindows.dll"
[14:50:43][liftinstall::tasks::install_pkg][INFO] Creating dir: "yuzu-windows-msvc/plugins/styles"
[14:50:43][liftinstall::tasks::install_pkg][INFO] Creating file: "yuzu-windows-msvc/plugins/styles/qwindowsvistastyle.dll"
[14:50:43][liftinstall::tasks::install_pkg][INFO] Creating file: "yuzu-windows-msvc/qt.conf"
[14:50:43][liftinstall::tasks::install_pkg][INFO] Creating file: "yuzu-windows-msvc/Qt5Core.dll"
[14:50:43][liftinstall::tasks::install_pkg][INFO] Creating file: "yuzu-windows-msvc/Qt5Gui.dll"
[14:50:43][liftinstall::tasks::install_pkg][INFO] Creating file: "yuzu-windows-msvc/Qt5Multimedia.dll"
[14:50:43][liftinstall::tasks::install_pkg][INFO] Creating file: "yuzu-windows-msvc/Qt5Network.dll"
[14:50:43][liftinstall::tasks::install_pkg][INFO] Creating file: "yuzu-windows-msvc/Qt5Positioning.dll"
[14:50:43][liftinstall::tasks::install_pkg][INFO] Creating file: "yuzu-windows-msvc/Qt5PrintSupport.dll"
[14:50:43][liftinstall::tasks::install_pkg][INFO] Creating file: "yuzu-windows-msvc/Qt5Qml.dll"
[14:50:43][liftinstall::tasks::install_pkg][INFO] Creating file: "yuzu-windows-msvc/Qt5QmlModels.dll"
[14:50:43][liftinstall::tasks::install_pkg][INFO] Creating file: "yuzu-windows-msvc/Qt5Quick.dll"
[14:50:43][liftinstall::tasks::install_pkg][INFO] Creating file: "yuzu-windows-msvc/Qt5QuickWidgets.dll"
[14:50:43][liftinstall::tasks::install_pkg][INFO] Creating file: "yuzu-windows-msvc/Qt5WebChannel.dll"
[14:50:43][liftinstall::tasks::install_pkg][INFO] Creating file: "yuzu-windows-msvc/Qt5WebEngineCore.dll"
[14:50:44][liftinstall::tasks::install_pkg][INFO] Creating file: "yuzu-windows-msvc/Qt5WebEngineWidgets.dll"
[14:50:44][liftinstall::tasks::install_pkg][INFO] Creating file: "yuzu-windows-msvc/Qt5Widgets.dll"
[14:50:44][liftinstall::tasks::install_pkg][INFO] Creating file: "yuzu-windows-msvc/QtWebEngineProcess.exe"
[14:50:44][liftinstall::tasks::install_pkg][INFO] Creating file: "yuzu-windows-msvc/qtwebengine_devtools_resources.pak"
[14:50:44][liftinstall::tasks::install_pkg][INFO] Creating file: "yuzu-windows-msvc/qtwebengine_resources.pak"
[14:50:44][liftinstall::tasks::install_pkg][INFO] Creating file: "yuzu-windows-msvc/qtwebengine_resources_100p.pak"
[14:50:44][liftinstall::tasks::install_pkg][INFO] Creating file: "yuzu-windows-msvc/qtwebengine_resources_200p.pak"
[14:50:44][liftinstall::tasks::install_pkg][INFO] Creating file: "yuzu-windows-msvc/SDL2.dll"
[14:50:44][liftinstall::tasks::install_pkg][INFO] Creating file: "yuzu-windows-msvc/swscale-6.dll"
[14:50:44][liftinstall::tasks::install_pkg][INFO] Creating file: "yuzu-windows-msvc/yuzu-cmd.exe"
[14:50:44][liftinstall::tasks::install_pkg][INFO] Creating file: "yuzu-windows-msvc/yuzu-room.exe"
[14:50:44][liftinstall::tasks::install_pkg][INFO] Creating file: "yuzu-windows-msvc/yuzu-windows-msvc-source-20230606-238e46ec9.tar.xz"
[14:50:44][liftinstall::tasks::install_pkg][INFO] Creating file: "yuzu-windows-msvc/yuzu.exe"
[14:50:44][liftinstall::tasks::install_pkg][INFO] Creating file: "yuzu-windows-msvc/zlib1.dll"
[14:50:44][liftinstall::tasks::install_pkg][INFO] Creating file: "yuzu-windows-msvc/zstd.dll"
[14:50:44][liftinstall::native::natives][INFO] Generating shortcut @ "C:\\Users\\juliu\\AppData\\Roaming\\Microsoft\\Windows\\Start Menu\\Programs\\yuzu.lnk"
[14:50:44][liftinstall::native::natives][INFO] Generating shortcut @ "C:\\Users\\juliu\\OneDrive\\Desktop\\yuzu.lnk"
[14:50:46][liftinstall::installer][INFO] Shutting down installer framework...
